<?xml version="1.0" encoding="UTF-8"?>
<!-- Generated by org.testng.reporters.JUnitReportReporter -->
<testsuite hostname="DESKTOP-SISF0E9" failures="0" tests="1" name="testcases.LoginFunction" time="5.653" errors="0" timestamp="2025-01-23T11:10:00 IST" skipped="0">
  <testcase classname="testcases.LoginFunction" name="Login" time="5.653"/>
</testsuite> <!-- testcases.LoginFunction -->
