<?xml version="1.0" encoding="UTF-8"?>
<!-- Generated by org.testng.reporters.JUnitReportReporter -->
<testsuite hostname="DESKTOP-SISF0E9" failures="0" tests="14" name="testcases.Landing_page" time="48.441" errors="0" timestamp="2025-01-30T17:12:55 IST" skipped="0">
  <testcase classname="testcases.Landing_page" name="logo" time="6.667"/>
  <testcase classname="testcases.Landing_page" name="dashboard" time="0.401"/>
  <testcase classname="testcases.Landing_page" name="leads" time="5.337"/>
  <testcase classname="testcases.Landing_page" name="deals" time="4.848"/>
  <testcase classname="testcases.Landing_page" name="contact" time="4.964"/>
  <testcase classname="testcases.Landing_page" name="company" time="5.066"/>
  <testcase classname="testcases.Landing_page" name="report" time="1.275"/>
  <testcase classname="testcases.Landing_page" name="moreOption" time="11.058"/>
  <testcase classname="testcases.Landing_page" name="notification" time="0.464"/>
  <testcase classname="testcases.Landing_page" name="marketplace" time="3.810"/>
  <testcase classname="testcases.Landing_page" name="setting" time="3.016"/>
  <testcase classname="testcases.Landing_page" name="support" time="0.950"/>
  <testcase classname="testcases.Landing_page" name="profile" time="0.585"/>
  <testcase classname="testcases.Landing_page" name="error" time="0.000"/>
</testsuite> <!-- testcases.Landing_page -->
