<?xml version="1.0" encoding="UTF-8"?>
<!-- Generated by org.testng.reporters.JUnitReportReporter -->
<testsuite hostname="DESKTOP-SISF0E9" failures="0" tests="1" name="testcases.Login" time="2.607" errors="0" timestamp="2025-06-11T16:43:56 IST" skipped="0">
  <testcase classname="testcases.Login" name="loginpage" time="2.607"/>
</testsuite> <!-- testcases.Login -->
