<?xml version="1.0" encoding="UTF-8"?>
<!-- Generated by org.testng.reporters.JUnitReportReporter -->
<testsuite hostname="DESKTOP-SISF0E9" failures="0" tests="3" name="testcases.LoginpageNegativeTestcase" time="15.665" errors="0" timestamp="2025-06-11T16:29:40 IST" skipped="0">
  <testcase classname="testcases.LoginpageNegativeTestcase" name="login" time="4.488"/>
  <testcase classname="testcases.LoginpageNegativeTestcase" name="delete" time="6.304"/>
  <testcase classname="testcases.LoginpageNegativeTestcase" name="addcompany" time="4.873"/>
</testsuite> <!-- testcases.LoginpageNegativeTestcase -->
