<?xml version="1.0" encoding="UTF-8"?>
<!-- Generated by org.testng.reporters.JUnitReportReporter -->
<testsuite hostname="DESKTOP-SISF0E9" failures="0" tests="2" name="testcases.Organization" time="40.041" errors="0" timestamp="2025-01-29T15:28:01 IST" skipped="0">
  <testcase classname="testcases.Organization" name="launch" time="8.154"/>
  <testcase classname="testcases.Organization" name="editpage" time="31.887"/>
</testsuite> <!-- testcases.Organization -->
