<?xml version="1.0" encoding="UTF-8"?>
<!-- Generated by org.testng.reporters.JUnitReportReporter -->
<testsuite hostname="DESKTOP-SISF0E9" failures="0" tests="9" name="testcases.Company" time="145.802" errors="0" timestamp="2025-06-11T16:43:56 IST" skipped="0">
  <testcase classname="testcases.Company" name="login" time="4.961"/>
  <testcase classname="testcases.Company" name="smartview" time="4.328"/>
  <testcase classname="testcases.Company" name="searchbar" time="23.757"/>
  <testcase classname="testcases.Company" name="columnselector" time="8.874"/>
  <testcase classname="testcases.Company" name="refreshbutton" time="1.714"/>
  <testcase classname="testcases.Company" name="addcompany" time="5.720"/>
  <testcase classname="testcases.Company" name="sorting" time="22.151"/>
  <testcase classname="testcases.Company" name="draganddrop" time="1.526"/>
  <testcase classname="testcases.Company" name="bulkactions" time="72.771"/>
</testsuite> <!-- testcases.Company -->
