<?xml version="1.0" encoding="UTF-8"?>
<!-- Generated by org.testng.reporters.JUnitReportReporter -->
<testsuite hostname="DESKTOP-SISF0E9" failures="0" tests="1" name="testcases.Signup" time="25.698" errors="0" timestamp="2025-06-11T16:43:56 IST" skipped="0">
  <testcase classname="testcases.Signup" name="signuppage" time="25.698"/>
</testsuite> <!-- testcases.Signup -->
