<?xml version="1.0" encoding="UTF-8"?>
<!-- Generated by org.testng.reporters.JUnitReportReporter -->
<testsuite hostname="DESKTOP-SISF0E9" failures="0" tests="14" name="testcases.Landing_page" time="14.415" errors="0" timestamp="2025-04-23T10:29:45 IST" skipped="0">
  <testcase classname="testcases.Landing_page" name="logo" time="3.798"/>
  <testcase classname="testcases.Landing_page" name="dashboard" time="0.344"/>
  <testcase classname="testcases.Landing_page" name="leads" time="0.841"/>
  <testcase classname="testcases.Landing_page" name="deals" time="0.685"/>
  <testcase classname="testcases.Landing_page" name="contact" time="0.613"/>
  <testcase classname="testcases.Landing_page" name="company" time="0.493"/>
  <testcase classname="testcases.Landing_page" name="report" time="0.452"/>
  <testcase classname="testcases.Landing_page" name="moreOption" time="3.615"/>
  <testcase classname="testcases.Landing_page" name="notification" time="0.445"/>
  <testcase classname="testcases.Landing_page" name="marketplace" time="1.016"/>
  <testcase classname="testcases.Landing_page" name="setting" time="0.674"/>
  <testcase classname="testcases.Landing_page" name="support" time="0.910"/>
  <testcase classname="testcases.Landing_page" name="profile" time="0.528"/>
  <testcase classname="testcases.Landing_page" name="error" time="0.001"/>
</testsuite> <!-- testcases.Landing_page -->
