<?xml version="1.0" encoding="UTF-8"?>
<!-- Generated by org.testng.reporters.JUnitReportReporter -->
<testsuite hostname="DESKTOP-SISF0E9" failures="0" tests="1" name="testcases.Login" time="5.590" errors="0" timestamp="2025-03-21T14:34:31 IST" skipped="0">
  <testcase classname="testcases.Login" name="value" time="5.590"/>
</testsuite> <!-- testcases.Login -->
