<?xml version="1.0" encoding="UTF-8"?>
<!-- Generated by org.testng.reporters.JUnitReportReporter -->
<testsuite hostname="DESKTOP-SISF0E9" failures="0" tests="8" name="testcases.Deals" time="165.154" errors="0" timestamp="2025-06-11T16:43:56 IST" skipped="0">
  <testcase classname="testcases.Deals" name="login" time="4.516"/>
  <testcase classname="testcases.Deals" name="smartview" time="5.764"/>
  <testcase classname="testcases.Deals" name="searchbar" time="3.514"/>
  <testcase classname="testcases.Deals" name="columnselector" time="9.002"/>
  <testcase classname="testcases.Deals" name="adddeal" time="7.162"/>
  <testcase classname="testcases.Deals" name="sorting" time="75.713"/>
  <testcase classname="testcases.Deals" name="draganddrop" time="2.283"/>
  <testcase classname="testcases.Deals" name="bulkactions" time="57.200"/>
</testsuite> <!-- testcases.Deals -->
