<?xml version="1.0" encoding="UTF-8"?>
<!-- Generated by org.testng.reporters.JUnitReportReporter -->
<testsuite hostname="DESKTOP-SISF0E9" failures="0" tests="1" name="testcases.ForgetPassword" time="29.040" errors="0" timestamp="2025-04-23T09:29:09 IST" skipped="0">
  <testcase classname="testcases.ForgetPassword" name="forgetpassword" time="29.040"/>
</testsuite> <!-- testcases.ForgetPassword -->
