<?xml version="1.0" encoding="UTF-8"?>
<!-- Generated by org.testng.reporters.JUnitReportReporter -->
<testsuite hostname="DESKTOP-SISF0E9" failures="0" tests="9" name="testcases.Contact" time="138.246" errors="0" timestamp="2025-06-11T16:43:56 IST" skipped="0">
  <testcase classname="testcases.Contact" name="login" time="4.543"/>
  <testcase classname="testcases.Contact" name="smartview" time="4.357"/>
  <testcase classname="testcases.Contact" name="searchbar" time="3.827"/>
  <testcase classname="testcases.Contact" name="columnselector" time="9.235"/>
  <testcase classname="testcases.Contact" name="refreshbutton" time="0.551"/>
  <testcase classname="testcases.Contact" name="addcontact" time="6.259"/>
  <testcase classname="testcases.Contact" name="sorting" time="35.100"/>
  <testcase classname="testcases.Contact" name="draganddrop" time="1.837"/>
  <testcase classname="testcases.Contact" name="bulkactions" time="72.537"/>
</testsuite> <!-- testcases.Contact -->
