<?xml version="1.0" encoding="UTF-8"?>
<!-- Generated by org.testng.reporters.JUnitReportReporter -->
<testsuite hostname="DESKTOP-SISF0E9" failures="0" tests="1" name="testcases.Loginpagefunctionalities" time="0.792" errors="0" timestamp="2025-01-24T15:12:17 IST" skipped="0">
  <testcase classname="testcases.Loginpagefunctionalities" name="value" time="0.792"/>
</testsuite> <!-- testcases.Loginpagefunctionalities -->
