<?xml version="1.0" encoding="UTF-8"?>
<!-- Generated by org.testng.reporters.JUnitReportReporter -->
<testsuite hostname="DESKTOP-SISF0E9" failures="0" tests="1" name="testcases.Login" time="2.565" errors="0" timestamp="2025-04-23T09:57:18 IST" skipped="0">
  <testcase classname="testcases.Login" name="loginpage" time="2.565"/>
</testsuite> <!-- testcases.Login -->
